[32m[I 2021-01-19 22:57:58,071][0m A new study created in memory with name: no-name-a4b073b3-27ff-4ae8-9dae-4019605bc979[0m
/root/anaconda3/envs/python377/lib/python3.7/site-packages/xgboost/sklearn.py:888: UserWarning: The use of label encoder in XGBClassifier is deprecated and will be removed in a future release. To remove this warning, do the following: 1) Pass option use_label_encoder=False when constructing XGBClassifier object; and 2) Encode your labels (y) as integers starting with 0, i.e. 0, 1, 2, ..., [num_class - 1].
  warnings.warn(label_encoder_deprecation_msg, UserWarning)
/root/anaconda3/envs/python377/lib/python3.7/site-packages/xgboost/sklearn.py:888: UserWarning: The use of label encoder in XGBClassifier is deprecated and will be removed in a future release. To remove this warning, do the following: 1) Pass option use_label_encoder=False when constructing XGBClassifier object; and 2) Encode your labels (y) as integers starting with 0, i.e. 0, 1, 2, ..., [num_class - 1].
  warnings.warn(label_encoder_deprecation_msg, UserWarning)
[32m[I 2021-01-19 22:58:19,371][0m Trial 0 finished with value: 0.6202328652104616 and parameters: {'eval_metric': 'logloss', 'tree_method': 'gpu_hist', 'n_estimators': 55, 'max_depth': 10, 'learning_rate': 0.004417514974741518, 'subsample': 0.9318310538434168}. Best is trial 0 with value: 0.6202328652104616.[0m
/root/anaconda3/envs/python377/lib/python3.7/site-packages/xgboost/sklearn.py:888: UserWarning: The use of label encoder in XGBClassifier is deprecated and will be removed in a future release. To remove this warning, do the following: 1) Pass option use_label_encoder=False when constructing XGBClassifier object; and 2) Encode your labels (y) as integers starting with 0, i.e. 0, 1, 2, ..., [num_class - 1].
  warnings.warn(label_encoder_deprecation_msg, UserWarning)
[32m[I 2021-01-19 22:58:25,663][0m Trial 1 finished with value: 0.6081189739196281 and parameters: {'eval_metric': 'logloss', 'tree_method': 'gpu_hist', 'n_estimators': 38, 'max_depth': 3, 'learning_rate': 0.11168836506293144, 'subsample': 0.7271279126533351}. Best is trial 0 with value: 0.6202328652104616.[0m
/root/anaconda3/envs/python377/lib/python3.7/site-packages/xgboost/sklearn.py:888: UserWarning: The use of label encoder in XGBClassifier is deprecated and will be removed in a future release. To remove this warning, do the following: 1) Pass option use_label_encoder=False when constructing XGBClassifier object; and 2) Encode your labels (y) as integers starting with 0, i.e. 0, 1, 2, ..., [num_class - 1].
  warnings.warn(label_encoder_deprecation_msg, UserWarning)
[32m[I 2021-01-19 22:58:31,628][0m Trial 2 finished with value: 0.6005021063060825 and parameters: {'eval_metric': 'logloss', 'tree_method': 'gpu_hist', 'n_estimators': 1, 'max_depth': 6, 'learning_rate': 0.007757810802568283, 'subsample': 0.6429088283181814}. Best is trial 0 with value: 0.6202328652104616.[0m
/root/anaconda3/envs/python377/lib/python3.7/site-packages/xgboost/sklearn.py:888: UserWarning: The use of label encoder in XGBClassifier is deprecated and will be removed in a future release. To remove this warning, do the following: 1) Pass option use_label_encoder=False when constructing XGBClassifier object; and 2) Encode your labels (y) as integers starting with 0, i.e. 0, 1, 2, ..., [num_class - 1].
  warnings.warn(label_encoder_deprecation_msg, UserWarning)
[32m[I 2021-01-19 22:58:38,923][0m Trial 3 finished with value: 0.6243116125384168 and parameters: {'eval_metric': 'logloss', 'tree_method': 'gpu_hist', 'n_estimators': 66, 'max_depth': 5, 'learning_rate': 0.4013483699098651, 'subsample': 0.841487654534925}. Best is trial 3 with value: 0.6243116125384168.[0m
/root/anaconda3/envs/python377/lib/python3.7/site-packages/xgboost/sklearn.py:888: UserWarning: The use of label encoder in XGBClassifier is deprecated and will be removed in a future release. To remove this warning, do the following: 1) Pass option use_label_encoder=False when constructing XGBClassifier object; and 2) Encode your labels (y) as integers starting with 0, i.e. 0, 1, 2, ..., [num_class - 1].
  warnings.warn(label_encoder_deprecation_msg, UserWarning)
[32m[I 2021-01-19 22:58:46,446][0m Trial 4 finished with value: 0.621487871983376 and parameters: {'eval_metric': 'logloss', 'tree_method': 'gpu_hist', 'n_estimators': 35, 'max_depth': 8, 'learning_rate': 0.07512958252678757, 'subsample': 0.9775107879988324}. Best is trial 3 with value: 0.6243116125384168.[0m
/root/anaconda3/envs/python377/lib/python3.7/site-packages/xgboost/sklearn.py:888: UserWarning: The use of label encoder in XGBClassifier is deprecated and will be removed in a future release. To remove this warning, do the following: 1) Pass option use_label_encoder=False when constructing XGBClassifier object; and 2) Encode your labels (y) as integers starting with 0, i.e. 0, 1, 2, ..., [num_class - 1].
  warnings.warn(label_encoder_deprecation_msg, UserWarning)
[32m[I 2021-01-19 22:58:52,778][0m Trial 5 finished with value: 0.6211566945140344 and parameters: {'eval_metric': 'logloss', 'tree_method': 'gpu_hist', 'n_estimators': 90, 'max_depth': 3, 'learning_rate': 0.16575700205669755, 'subsample': 0.6689319201216576}. Best is trial 3 with value: 0.6243116125384168.[0m
/root/anaconda3/envs/python377/lib/python3.7/site-packages/xgboost/sklearn.py:888: UserWarning: The use of label encoder in XGBClassifier is deprecated and will be removed in a future release. To remove this warning, do the following: 1) Pass option use_label_encoder=False when constructing XGBClassifier object; and 2) Encode your labels (y) as integers starting with 0, i.e. 0, 1, 2, ..., [num_class - 1].
  warnings.warn(label_encoder_deprecation_msg, UserWarning)
[32m[I 2021-01-19 22:59:00,088][0m Trial 6 finished with value: 0.6073868854961658 and parameters: {'eval_metric': 'logloss', 'tree_method': 'gpu_hist', 'n_estimators': 57, 'max_depth': 6, 'learning_rate': 0.014384358952359589, 'subsample': 0.8244122632636706}. Best is trial 3 with value: 0.6243116125384168.[0m
/root/anaconda3/envs/python377/lib/python3.7/site-packages/xgboost/sklearn.py:888: UserWarning: The use of label encoder in XGBClassifier is deprecated and will be removed in a future release. To remove this warning, do the following: 1) Pass option use_label_encoder=False when constructing XGBClassifier object; and 2) Encode your labels (y) as integers starting with 0, i.e. 0, 1, 2, ..., [num_class - 1].
  warnings.warn(label_encoder_deprecation_msg, UserWarning)
[32m[I 2021-01-19 22:59:07,035][0m Trial 7 finished with value: 0.6066199736222806 and parameters: {'eval_metric': 'logloss', 'tree_method': 'gpu_hist', 'n_estimators': 36, 'max_depth': 6, 'learning_rate': 0.013483586792474583, 'subsample': 0.8636568861076191}. Best is trial 3 with value: 0.6243116125384168.[0m
/root/anaconda3/envs/python377/lib/python3.7/site-packages/xgboost/sklearn.py:888: UserWarning: The use of label encoder in XGBClassifier is deprecated and will be removed in a future release. To remove this warning, do the following: 1) Pass option use_label_encoder=False when constructing XGBClassifier object; and 2) Encode your labels (y) as integers starting with 0, i.e. 0, 1, 2, ..., [num_class - 1].
  warnings.warn(label_encoder_deprecation_msg, UserWarning)
[32m[I 2021-01-19 22:59:12,767][0m Trial 8 finished with value: 0.6037788707100604 and parameters: {'eval_metric': 'logloss', 'tree_method': 'gpu_hist', 'n_estimators': 3, 'max_depth': 5, 'learning_rate': 0.014003430798161656, 'subsample': 0.7570302819966486}. Best is trial 3 with value: 0.6243116125384168.[0m
/root/anaconda3/envs/python377/lib/python3.7/site-packages/xgboost/sklearn.py:888: UserWarning: The use of label encoder in XGBClassifier is deprecated and will be removed in a future release. To remove this warning, do the following: 1) Pass option use_label_encoder=False when constructing XGBClassifier object; and 2) Encode your labels (y) as integers starting with 0, i.e. 0, 1, 2, ..., [num_class - 1].
  warnings.warn(label_encoder_deprecation_msg, UserWarning)
[32m[I 2021-01-19 22:59:19,889][0m Trial 9 finished with value: 0.6143763476998104 and parameters: {'eval_metric': 'logloss', 'tree_method': 'gpu_hist', 'n_estimators': 11, 'max_depth': 9, 'learning_rate': 0.030689838286798023, 'subsample': 0.5248835738608876}. Best is trial 3 with value: 0.6243116125384168.[0m
/root/anaconda3/envs/python377/lib/python3.7/site-packages/xgboost/sklearn.py:888: UserWarning: The use of label encoder in XGBClassifier is deprecated and will be removed in a future release. To remove this warning, do the following: 1) Pass option use_label_encoder=False when constructing XGBClassifier object; and 2) Encode your labels (y) as integers starting with 0, i.e. 0, 1, 2, ..., [num_class - 1].
  warnings.warn(label_encoder_deprecation_msg, UserWarning)
[32m[I 2021-01-19 23:00:13,459][0m Trial 10 finished with value: 0.6119536973428226 and parameters: {'eval_metric': 'logloss', 'tree_method': 'gpu_hist', 'n_estimators': 89, 'max_depth': 12, 'learning_rate': 0.4727438449605807, 'subsample': 0.5755421681026067}. Best is trial 3 with value: 0.6243116125384168.[0m
/root/anaconda3/envs/python377/lib/python3.7/site-packages/xgboost/sklearn.py:888: UserWarning: The use of label encoder in XGBClassifier is deprecated and will be removed in a future release. To remove this warning, do the following: 1) Pass option use_label_encoder=False when constructing XGBClassifier object; and 2) Encode your labels (y) as integers starting with 0, i.e. 0, 1, 2, ..., [num_class - 1].
  warnings.warn(label_encoder_deprecation_msg, UserWarning)
[32m[I 2021-01-19 23:00:33,214][0m Trial 11 finished with value: 0.6231263134270035 and parameters: {'eval_metric': 'logloss', 'tree_method': 'gpu_hist', 'n_estimators': 71, 'max_depth': 9, 'learning_rate': 0.4453865664070728, 'subsample': 0.9570391536921706}. Best is trial 3 with value: 0.6243116125384168.[0m
/root/anaconda3/envs/python377/lib/python3.7/site-packages/xgboost/sklearn.py:888: UserWarning: The use of label encoder in XGBClassifier is deprecated and will be removed in a future release. To remove this warning, do the following: 1) Pass option use_label_encoder=False when constructing XGBClassifier object; and 2) Encode your labels (y) as integers starting with 0, i.e. 0, 1, 2, ..., [num_class - 1].
  warnings.warn(label_encoder_deprecation_msg, UserWarning)
[32m[I 2021-01-19 23:01:11,823][0m Trial 12 finished with value: 0.6231436955313956 and parameters: {'eval_metric': 'logloss', 'tree_method': 'gpu_hist', 'n_estimators': 73, 'max_depth': 11, 'learning_rate': 0.001033913952039196, 'subsample': 0.8675099932655236}. Best is trial 3 with value: 0.6243116125384168.[0m
/root/anaconda3/envs/python377/lib/python3.7/site-packages/xgboost/sklearn.py:888: UserWarning: The use of label encoder in XGBClassifier is deprecated and will be removed in a future release. To remove this warning, do the following: 1) Pass option use_label_encoder=False when constructing XGBClassifier object; and 2) Encode your labels (y) as integers starting with 0, i.e. 0, 1, 2, ..., [num_class - 1].
  warnings.warn(label_encoder_deprecation_msg, UserWarning)
[32m[I 2021-01-19 23:02:03,931][0m Trial 13 finished with value: 0.6292268168670059 and parameters: {'eval_metric': 'logloss', 'tree_method': 'gpu_hist', 'n_estimators': 71, 'max_depth': 12, 'learning_rate': 0.0023424111888203742, 'subsample': 0.8298415166392041}. Best is trial 13 with value: 0.6292268168670059.[0m
/root/anaconda3/envs/python377/lib/python3.7/site-packages/xgboost/sklearn.py:888: UserWarning: The use of label encoder in XGBClassifier is deprecated and will be removed in a future release. To remove this warning, do the following: 1) Pass option use_label_encoder=False when constructing XGBClassifier object; and 2) Encode your labels (y) as integers starting with 0, i.e. 0, 1, 2, ..., [num_class - 1].
  warnings.warn(label_encoder_deprecation_msg, UserWarning)
[32m[I 2021-01-19 23:02:10,746][0m Trial 14 finished with value: 0.600501978708707 and parameters: {'eval_metric': 'logloss', 'tree_method': 'gpu_hist', 'n_estimators': 68, 'max_depth': 4, 'learning_rate': 0.0011168348259480733, 'subsample': 0.7702165694890276}. Best is trial 13 with value: 0.6292268168670059.[0m
/root/anaconda3/envs/python377/lib/python3.7/site-packages/xgboost/sklearn.py:888: UserWarning: The use of label encoder in XGBClassifier is deprecated and will be removed in a future release. To remove this warning, do the following: 1) Pass option use_label_encoder=False when constructing XGBClassifier object; and 2) Encode your labels (y) as integers starting with 0, i.e. 0, 1, 2, ..., [num_class - 1].
  warnings.warn(label_encoder_deprecation_msg, UserWarning)
[32m[I 2021-01-19 23:02:16,669][0m Trial 15 finished with value: 0.6004671279159892 and parameters: {'eval_metric': 'logloss', 'tree_method': 'gpu_hist', 'n_estimators': 81, 'max_depth': 2, 'learning_rate': 0.002831466564495826, 'subsample': 0.8099275399280419}. Best is trial 13 with value: 0.6292268168670059.[0m
/root/anaconda3/envs/python377/lib/python3.7/site-packages/xgboost/sklearn.py:888: UserWarning: The use of label encoder in XGBClassifier is deprecated and will be removed in a future release. To remove this warning, do the following: 1) Pass option use_label_encoder=False when constructing XGBClassifier object; and 2) Encode your labels (y) as integers starting with 0, i.e. 0, 1, 2, ..., [num_class - 1].
  warnings.warn(label_encoder_deprecation_msg, UserWarning)
[32m[I 2021-01-19 23:02:28,889][0m Trial 16 finished with value: 0.6084153157864157 and parameters: {'eval_metric': 'logloss', 'tree_method': 'gpu_hist', 'n_estimators': 99, 'max_depth': 7, 'learning_rate': 0.0020904045837802886, 'subsample': 0.8890473305140842}. Best is trial 13 with value: 0.6292268168670059.[0m
/root/anaconda3/envs/python377/lib/python3.7/site-packages/xgboost/sklearn.py:888: UserWarning: The use of label encoder in XGBClassifier is deprecated and will be removed in a future release. To remove this warning, do the following: 1) Pass option use_label_encoder=False when constructing XGBClassifier object; and 2) Encode your labels (y) as integers starting with 0, i.e. 0, 1, 2, ..., [num_class - 1].
  warnings.warn(label_encoder_deprecation_msg, UserWarning)
[32m[I 2021-01-19 23:02:35,522][0m Trial 17 finished with value: 0.6060970522347959 and parameters: {'eval_metric': 'logloss', 'tree_method': 'gpu_hist', 'n_estimators': 48, 'max_depth': 4, 'learning_rate': 0.04283904069819306, 'subsample': 0.680210706410183}. Best is trial 13 with value: 0.6292268168670059.[0m
/root/anaconda3/envs/python377/lib/python3.7/site-packages/xgboost/sklearn.py:888: UserWarning: The use of label encoder in XGBClassifier is deprecated and will be removed in a future release. To remove this warning, do the following: 1) Pass option use_label_encoder=False when constructing XGBClassifier object; and 2) Encode your labels (y) as integers starting with 0, i.e. 0, 1, 2, ..., [num_class - 1].
  warnings.warn(label_encoder_deprecation_msg, UserWarning)
[32m[I 2021-01-19 23:03:20,748][0m Trial 18 finished with value: 0.6265426632838171 and parameters: {'eval_metric': 'logloss', 'tree_method': 'gpu_hist', 'n_estimators': 64, 'max_depth': 12, 'learning_rate': 0.28065877350364193, 'subsample': 0.7990262305278166}. Best is trial 13 with value: 0.6292268168670059.[0m
/root/anaconda3/envs/python377/lib/python3.7/site-packages/xgboost/sklearn.py:888: UserWarning: The use of label encoder in XGBClassifier is deprecated and will be removed in a future release. To remove this warning, do the following: 1) Pass option use_label_encoder=False when constructing XGBClassifier object; and 2) Encode your labels (y) as integers starting with 0, i.e. 0, 1, 2, ..., [num_class - 1].
  warnings.warn(label_encoder_deprecation_msg, UserWarning)
[32m[I 2021-01-19 23:03:34,349][0m Trial 19 finished with value: 0.6203723169898565 and parameters: {'eval_metric': 'logloss', 'tree_method': 'gpu_hist', 'n_estimators': 19, 'max_depth': 12, 'learning_rate': 0.18837878686471823, 'subsample': 0.6131609034113521}. Best is trial 13 with value: 0.6292268168670059.[0m
/root/anaconda3/envs/python377/lib/python3.7/site-packages/xgboost/sklearn.py:888: UserWarning: The use of label encoder in XGBClassifier is deprecated and will be removed in a future release. To remove this warning, do the following: 1) Pass option use_label_encoder=False when constructing XGBClassifier object; and 2) Encode your labels (y) as integers starting with 0, i.e. 0, 1, 2, ..., [num_class - 1].
  warnings.warn(label_encoder_deprecation_msg, UserWarning)
[32m[I 2021-01-19 23:04:17,374][0m Trial 20 finished with value: 0.6265425964470966 and parameters: {'eval_metric': 'logloss', 'tree_method': 'gpu_hist', 'n_estimators': 82, 'max_depth': 11, 'learning_rate': 0.0057172840701127416, 'subsample': 0.7763917611591368}. Best is trial 13 with value: 0.6292268168670059.[0m
/root/anaconda3/envs/python377/lib/python3.7/site-packages/xgboost/sklearn.py:888: UserWarning: The use of label encoder in XGBClassifier is deprecated and will be removed in a future release. To remove this warning, do the following: 1) Pass option use_label_encoder=False when constructing XGBClassifier object; and 2) Encode your labels (y) as integers starting with 0, i.e. 0, 1, 2, ..., [num_class - 1].
  warnings.warn(label_encoder_deprecation_msg, UserWarning)
[32m[I 2021-01-19 23:04:59,515][0m Trial 21 finished with value: 0.6249564243569719 and parameters: {'eval_metric': 'logloss', 'tree_method': 'gpu_hist', 'n_estimators': 83, 'max_depth': 11, 'learning_rate': 0.005111855910018445, 'subsample': 0.7699184755439153}. Best is trial 13 with value: 0.6292268168670059.[0m
/root/anaconda3/envs/python377/lib/python3.7/site-packages/xgboost/sklearn.py:888: UserWarning: The use of label encoder in XGBClassifier is deprecated and will be removed in a future release. To remove this warning, do the following: 1) Pass option use_label_encoder=False when constructing XGBClassifier object; and 2) Encode your labels (y) as integers starting with 0, i.e. 0, 1, 2, ..., [num_class - 1].
  warnings.warn(label_encoder_deprecation_msg, UserWarning)
[32m[I 2021-01-19 23:06:10,105][0m Trial 22 finished with value: 0.6295231784810064 and parameters: {'eval_metric': 'logloss', 'tree_method': 'gpu_hist', 'n_estimators': 99, 'max_depth': 12, 'learning_rate': 0.0017836002427455862, 'subsample': 0.7099103507562748}. Best is trial 22 with value: 0.6295231784810064.[0m
/root/anaconda3/envs/python377/lib/python3.7/site-packages/xgboost/sklearn.py:888: UserWarning: The use of label encoder in XGBClassifier is deprecated and will be removed in a future release. To remove this warning, do the following: 1) Pass option use_label_encoder=False when constructing XGBClassifier object; and 2) Encode your labels (y) as integers starting with 0, i.e. 0, 1, 2, ..., [num_class - 1].
  warnings.warn(label_encoder_deprecation_msg, UserWarning)
[32m[I 2021-01-19 23:07:20,255][0m Trial 23 finished with value: 0.6280938919212253 and parameters: {'eval_metric': 'logloss', 'tree_method': 'gpu_hist', 'n_estimators': 99, 'max_depth': 12, 'learning_rate': 0.0023767851952161373, 'subsample': 0.7176933704483701}. Best is trial 22 with value: 0.6295231784810064.[0m
/root/anaconda3/envs/python377/lib/python3.7/site-packages/xgboost/sklearn.py:888: UserWarning: The use of label encoder in XGBClassifier is deprecated and will be removed in a future release. To remove this warning, do the following: 1) Pass option use_label_encoder=False when constructing XGBClassifier object; and 2) Encode your labels (y) as integers starting with 0, i.e. 0, 1, 2, ..., [num_class - 1].
  warnings.warn(label_encoder_deprecation_msg, UserWarning)
[32m[I 2021-01-19 23:07:53,191][0m Trial 24 finished with value: 0.6210346552193593 and parameters: {'eval_metric': 'logloss', 'tree_method': 'gpu_hist', 'n_estimators': 100, 'max_depth': 10, 'learning_rate': 0.0020087443160818367, 'subsample': 0.7167100363163299}. Best is trial 22 with value: 0.6295231784810064.[0m
/root/anaconda3/envs/python377/lib/python3.7/site-packages/xgboost/sklearn.py:888: UserWarning: The use of label encoder in XGBClassifier is deprecated and will be removed in a future release. To remove this warning, do the following: 1) Pass option use_label_encoder=False when constructing XGBClassifier object; and 2) Encode your labels (y) as integers starting with 0, i.e. 0, 1, 2, ..., [num_class - 1].
  warnings.warn(label_encoder_deprecation_msg, UserWarning)
[32m[I 2021-01-19 23:08:59,760][0m Trial 25 finished with value: 0.6266122646141717 and parameters: {'eval_metric': 'logloss', 'tree_method': 'gpu_hist', 'n_estimators': 100, 'max_depth': 12, 'learning_rate': 0.0014207156053881273, 'subsample': 0.5951732341800983}. Best is trial 22 with value: 0.6295231784810064.[0m
/root/anaconda3/envs/python377/lib/python3.7/site-packages/xgboost/sklearn.py:888: UserWarning: The use of label encoder in XGBClassifier is deprecated and will be removed in a future release. To remove this warning, do the following: 1) Pass option use_label_encoder=False when constructing XGBClassifier object; and 2) Encode your labels (y) as integers starting with 0, i.e. 0, 1, 2, ..., [num_class - 1].
  warnings.warn(label_encoder_deprecation_msg, UserWarning)
[32m[I 2021-01-19 23:09:32,852][0m Trial 26 finished with value: 0.6221850458154327 and parameters: {'eval_metric': 'logloss', 'tree_method': 'gpu_hist', 'n_estimators': 94, 'max_depth': 10, 'learning_rate': 0.0030786516095528023, 'subsample': 0.691089786829744}. Best is trial 22 with value: 0.6295231784810064.[0m
/root/anaconda3/envs/python377/lib/python3.7/site-packages/xgboost/sklearn.py:888: UserWarning: The use of label encoder in XGBClassifier is deprecated and will be removed in a future release. To remove this warning, do the following: 1) Pass option use_label_encoder=False when constructing XGBClassifier object; and 2) Encode your labels (y) as integers starting with 0, i.e. 0, 1, 2, ..., [num_class - 1].
  warnings.warn(label_encoder_deprecation_msg, UserWarning)
[32m[I 2021-01-19 23:10:11,908][0m Trial 27 finished with value: 0.6250087392809661 and parameters: {'eval_metric': 'logloss', 'tree_method': 'gpu_hist', 'n_estimators': 76, 'max_depth': 11, 'learning_rate': 0.0016268563887625901, 'subsample': 0.7319806421909615}. Best is trial 22 with value: 0.6295231784810064.[0m
/root/anaconda3/envs/python377/lib/python3.7/site-packages/xgboost/sklearn.py:888: UserWarning: The use of label encoder in XGBClassifier is deprecated and will be removed in a future release. To remove this warning, do the following: 1) Pass option use_label_encoder=False when constructing XGBClassifier object; and 2) Encode your labels (y) as integers starting with 0, i.e. 0, 1, 2, ..., [num_class - 1].
  warnings.warn(label_encoder_deprecation_msg, UserWarning)
[32m[I 2021-01-19 23:10:34,446][0m Trial 28 finished with value: 0.6207034792690341 and parameters: {'eval_metric': 'logloss', 'tree_method': 'gpu_hist', 'n_estimators': 90, 'max_depth': 9, 'learning_rate': 0.008861039092924123, 'subsample': 0.6445445457390697}. Best is trial 22 with value: 0.6295231784810064.[0m
/root/anaconda3/envs/python377/lib/python3.7/site-packages/xgboost/sklearn.py:888: UserWarning: The use of label encoder in XGBClassifier is deprecated and will be removed in a future release. To remove this warning, do the following: 1) Pass option use_label_encoder=False when constructing XGBClassifier object; and 2) Encode your labels (y) as integers starting with 0, i.e. 0, 1, 2, ..., [num_class - 1].
  warnings.warn(label_encoder_deprecation_msg, UserWarning)
[32m[I 2021-01-19 23:10:55,369][0m Trial 29 finished with value: 0.6186989958921999 and parameters: {'eval_metric': 'logloss', 'tree_method': 'gpu_hist', 'n_estimators': 56, 'max_depth': 10, 'learning_rate': 0.0033650136009876724, 'subsample': 0.9068797594242586}. Best is trial 22 with value: 0.6295231784810064.[0m
/root/anaconda3/envs/python377/lib/python3.7/site-packages/xgboost/sklearn.py:888: UserWarning: The use of label encoder in XGBClassifier is deprecated and will be removed in a future release. To remove this warning, do the following: 1) Pass option use_label_encoder=False when constructing XGBClassifier object; and 2) Encode your labels (y) as integers starting with 0, i.e. 0, 1, 2, ..., [num_class - 1].
  warnings.warn(label_encoder_deprecation_msg, UserWarning)
[32m[I 2021-01-19 23:11:32,342][0m Trial 30 finished with value: 0.6295753734027069 and parameters: {'eval_metric': 'logloss', 'tree_method': 'gpu_hist', 'n_estimators': 48, 'max_depth': 12, 'learning_rate': 0.004083237800676904, 'subsample': 0.7405226580573099}. Best is trial 30 with value: 0.6295753734027069.[0m
/root/anaconda3/envs/python377/lib/python3.7/site-packages/xgboost/sklearn.py:888: UserWarning: The use of label encoder in XGBClassifier is deprecated and will be removed in a future release. To remove this warning, do the following: 1) Pass option use_label_encoder=False when constructing XGBClassifier object; and 2) Encode your labels (y) as integers starting with 0, i.e. 0, 1, 2, ..., [num_class - 1].
  warnings.warn(label_encoder_deprecation_msg, UserWarning)
[32m[I 2021-01-19 23:12:11,725][0m Trial 31 finished with value: 0.627623197354785 and parameters: {'eval_metric': 'logloss', 'tree_method': 'gpu_hist', 'n_estimators': 53, 'max_depth': 12, 'learning_rate': 0.0040143259470243366, 'subsample': 0.7384675078393967}. Best is trial 30 with value: 0.6295753734027069.[0m
/root/anaconda3/envs/python377/lib/python3.7/site-packages/xgboost/sklearn.py:888: UserWarning: The use of label encoder in XGBClassifier is deprecated and will be removed in a future release. To remove this warning, do the following: 1) Pass option use_label_encoder=False when constructing XGBClassifier object; and 2) Encode your labels (y) as integers starting with 0, i.e. 0, 1, 2, ..., [num_class - 1].
  warnings.warn(label_encoder_deprecation_msg, UserWarning)
[32m[I 2021-01-19 23:12:37,769][0m Trial 32 finished with value: 0.6219410477339503 and parameters: {'eval_metric': 'logloss', 'tree_method': 'gpu_hist', 'n_estimators': 47, 'max_depth': 11, 'learning_rate': 0.002497669784472372, 'subsample': 0.7124139114138663}. Best is trial 30 with value: 0.6295753734027069.[0m
/root/anaconda3/envs/python377/lib/python3.7/site-packages/xgboost/sklearn.py:888: UserWarning: The use of label encoder in XGBClassifier is deprecated and will be removed in a future release. To remove this warning, do the following: 1) Pass option use_label_encoder=False when constructing XGBClassifier object; and 2) Encode your labels (y) as integers starting with 0, i.e. 0, 1, 2, ..., [num_class - 1].
  warnings.warn(label_encoder_deprecation_msg, UserWarning)
[32m[I 2021-01-19 23:13:10,536][0m Trial 33 finished with value: 0.6262636852932253 and parameters: {'eval_metric': 'logloss', 'tree_method': 'gpu_hist', 'n_estimators': 42, 'max_depth': 12, 'learning_rate': 0.001086280637499902, 'subsample': 0.6569414547493818}. Best is trial 30 with value: 0.6295753734027069.[0m
/root/anaconda3/envs/python377/lib/python3.7/site-packages/xgboost/sklearn.py:888: UserWarning: The use of label encoder in XGBClassifier is deprecated and will be removed in a future release. To remove this warning, do the following: 1) Pass option use_label_encoder=False when constructing XGBClassifier object; and 2) Encode your labels (y) as integers starting with 0, i.e. 0, 1, 2, ..., [num_class - 1].
  warnings.warn(label_encoder_deprecation_msg, UserWarning)
[32m[I 2021-01-19 23:13:29,684][0m Trial 34 finished with value: 0.6232657409021363 and parameters: {'eval_metric': 'logloss', 'tree_method': 'gpu_hist', 'n_estimators': 31, 'max_depth': 11, 'learning_rate': 0.005601033809938229, 'subsample': 0.7005099770649952}. Best is trial 30 with value: 0.6295753734027069.[0m
/root/anaconda3/envs/python377/lib/python3.7/site-packages/xgboost/sklearn.py:888: UserWarning: The use of label encoder in XGBClassifier is deprecated and will be removed in a future release. To remove this warning, do the following: 1) Pass option use_label_encoder=False when constructing XGBClassifier object; and 2) Encode your labels (y) as integers starting with 0, i.e. 0, 1, 2, ..., [num_class - 1].
  warnings.warn(label_encoder_deprecation_msg, UserWarning)
[32m[I 2021-01-19 23:14:14,488][0m Trial 35 finished with value: 0.6300634713397686 and parameters: {'eval_metric': 'logloss', 'tree_method': 'gpu_hist', 'n_estimators': 60, 'max_depth': 12, 'learning_rate': 0.008362176092305969, 'subsample': 0.7958046677316927}. Best is trial 35 with value: 0.6300634713397686.[0m
/root/anaconda3/envs/python377/lib/python3.7/site-packages/xgboost/sklearn.py:888: UserWarning: The use of label encoder in XGBClassifier is deprecated and will be removed in a future release. To remove this warning, do the following: 1) Pass option use_label_encoder=False when constructing XGBClassifier object; and 2) Encode your labels (y) as integers starting with 0, i.e. 0, 1, 2, ..., [num_class - 1].
  warnings.warn(label_encoder_deprecation_msg, UserWarning)
[32m[I 2021-01-19 23:14:27,857][0m Trial 36 finished with value: 0.6191871196525403 and parameters: {'eval_metric': 'logloss', 'tree_method': 'gpu_hist', 'n_estimators': 27, 'max_depth': 10, 'learning_rate': 0.009715401471207091, 'subsample': 0.8427752144550656}. Best is trial 35 with value: 0.6300634713397686.[0m
/root/anaconda3/envs/python377/lib/python3.7/site-packages/xgboost/sklearn.py:888: UserWarning: The use of label encoder in XGBClassifier is deprecated and will be removed in a future release. To remove this warning, do the following: 1) Pass option use_label_encoder=False when constructing XGBClassifier object; and 2) Encode your labels (y) as integers starting with 0, i.e. 0, 1, 2, ..., [num_class - 1].
  warnings.warn(label_encoder_deprecation_msg, UserWarning)
[32m[I 2021-01-19 23:14:41,889][0m Trial 37 finished with value: 0.6144286778139684 and parameters: {'eval_metric': 'logloss', 'tree_method': 'gpu_hist', 'n_estimators': 63, 'max_depth': 8, 'learning_rate': 0.007122759141570441, 'subsample': 0.7995709023328994}. Best is trial 35 with value: 0.6300634713397686.[0m
/root/anaconda3/envs/python377/lib/python3.7/site-packages/xgboost/sklearn.py:888: UserWarning: The use of label encoder in XGBClassifier is deprecated and will be removed in a future release. To remove this warning, do the following: 1) Pass option use_label_encoder=False when constructing XGBClassifier object; and 2) Encode your labels (y) as integers starting with 0, i.e. 0, 1, 2, ..., [num_class - 1].
  warnings.warn(label_encoder_deprecation_msg, UserWarning)
[32m[I 2021-01-19 23:15:14,829][0m Trial 38 finished with value: 0.6215226665724876 and parameters: {'eval_metric': 'logloss', 'tree_method': 'gpu_hist', 'n_estimators': 60, 'max_depth': 11, 'learning_rate': 0.004400384352025816, 'subsample': 0.9243439179935099}. Best is trial 35 with value: 0.6300634713397686.[0m
/root/anaconda3/envs/python377/lib/python3.7/site-packages/xgboost/sklearn.py:888: UserWarning: The use of label encoder in XGBClassifier is deprecated and will be removed in a future release. To remove this warning, do the following: 1) Pass option use_label_encoder=False when constructing XGBClassifier object; and 2) Encode your labels (y) as integers starting with 0, i.e. 0, 1, 2, ..., [num_class - 1].
  warnings.warn(label_encoder_deprecation_msg, UserWarning)
[32m[I 2021-01-19 23:15:34,689][0m Trial 39 finished with value: 0.6049989826387822 and parameters: {'eval_metric': 'logloss', 'tree_method': 'gpu_hist', 'n_estimators': 43, 'max_depth': 10, 'learning_rate': 0.0015161633947491314, 'subsample': 0.9975621682053156}. Best is trial 35 with value: 0.6300634713397686.[0m
/root/anaconda3/envs/python377/lib/python3.7/site-packages/xgboost/sklearn.py:888: UserWarning: The use of label encoder in XGBClassifier is deprecated and will be removed in a future release. To remove this warning, do the following: 1) Pass option use_label_encoder=False when constructing XGBClassifier object; and 2) Encode your labels (y) as integers starting with 0, i.e. 0, 1, 2, ..., [num_class - 1].
  warnings.warn(label_encoder_deprecation_msg, UserWarning)
[32m[I 2021-01-19 23:16:17,139][0m Trial 40 finished with value: 0.6308826768714187 and parameters: {'eval_metric': 'logloss', 'tree_method': 'gpu_hist', 'n_estimators': 59, 'max_depth': 12, 'learning_rate': 0.02056155441145589, 'subsample': 0.7540832318458212}. Best is trial 40 with value: 0.6308826768714187.[0m
/root/anaconda3/envs/python377/lib/python3.7/site-packages/xgboost/sklearn.py:888: UserWarning: The use of label encoder in XGBClassifier is deprecated and will be removed in a future release. To remove this warning, do the following: 1) Pass option use_label_encoder=False when constructing XGBClassifier object; and 2) Encode your labels (y) as integers starting with 0, i.e. 0, 1, 2, ..., [num_class - 1].
  warnings.warn(label_encoder_deprecation_msg, UserWarning)
[32m[I 2021-01-19 23:16:55,403][0m Trial 41 finished with value: 0.6321550885339707 and parameters: {'eval_metric': 'logloss', 'tree_method': 'gpu_hist', 'n_estimators': 52, 'max_depth': 12, 'learning_rate': 0.025617260690339268, 'subsample': 0.7578425252917756}. Best is trial 41 with value: 0.6321550885339707.[0m
/root/anaconda3/envs/python377/lib/python3.7/site-packages/xgboost/sklearn.py:888: UserWarning: The use of label encoder in XGBClassifier is deprecated and will be removed in a future release. To remove this warning, do the following: 1) Pass option use_label_encoder=False when constructing XGBClassifier object; and 2) Encode your labels (y) as integers starting with 0, i.e. 0, 1, 2, ..., [num_class - 1].
  warnings.warn(label_encoder_deprecation_msg, UserWarning)
[32m[I 2021-01-19 23:17:34,558][0m Trial 42 finished with value: 0.6316321944887807 and parameters: {'eval_metric': 'logloss', 'tree_method': 'gpu_hist', 'n_estimators': 53, 'max_depth': 12, 'learning_rate': 0.02255995727217279, 'subsample': 0.7474679938846271}. Best is trial 41 with value: 0.6321550885339707.[0m
/root/anaconda3/envs/python377/lib/python3.7/site-packages/xgboost/sklearn.py:888: UserWarning: The use of label encoder in XGBClassifier is deprecated and will be removed in a future release. To remove this warning, do the following: 1) Pass option use_label_encoder=False when constructing XGBClassifier object; and 2) Encode your labels (y) as integers starting with 0, i.e. 0, 1, 2, ..., [num_class - 1].
  warnings.warn(label_encoder_deprecation_msg, UserWarning)
[32m[I 2021-01-19 23:18:02,059][0m Trial 43 finished with value: 0.6299763253702697 and parameters: {'eval_metric': 'logloss', 'tree_method': 'gpu_hist', 'n_estimators': 51, 'max_depth': 11, 'learning_rate': 0.019982218602882337, 'subsample': 0.74037963167843}. Best is trial 41 with value: 0.6321550885339707.[0m
/root/anaconda3/envs/python377/lib/python3.7/site-packages/xgboost/sklearn.py:888: UserWarning: The use of label encoder in XGBClassifier is deprecated and will be removed in a future release. To remove this warning, do the following: 1) Pass option use_label_encoder=False when constructing XGBClassifier object; and 2) Encode your labels (y) as integers starting with 0, i.e. 0, 1, 2, ..., [num_class - 1].
  warnings.warn(label_encoder_deprecation_msg, UserWarning)
[32m[I 2021-01-19 23:18:33,424][0m Trial 44 finished with value: 0.6294360552967532 and parameters: {'eval_metric': 'logloss', 'tree_method': 'gpu_hist', 'n_estimators': 58, 'max_depth': 11, 'learning_rate': 0.023076012392671826, 'subsample': 0.7547672065598876}. Best is trial 41 with value: 0.6321550885339707.[0m
/root/anaconda3/envs/python377/lib/python3.7/site-packages/xgboost/sklearn.py:888: UserWarning: The use of label encoder in XGBClassifier is deprecated and will be removed in a future release. To remove this warning, do the following: 1) Pass option use_label_encoder=False when constructing XGBClassifier object; and 2) Encode your labels (y) as integers starting with 0, i.e. 0, 1, 2, ..., [num_class - 1].
  warnings.warn(label_encoder_deprecation_msg, UserWarning)
[32m[I 2021-01-19 23:19:00,914][0m Trial 45 finished with value: 0.6303945409589474 and parameters: {'eval_metric': 'logloss', 'tree_method': 'gpu_hist', 'n_estimators': 54, 'max_depth': 11, 'learning_rate': 0.04647389041452963, 'subsample': 0.7870409640424355}. Best is trial 41 with value: 0.6321550885339707.[0m
/root/anaconda3/envs/python377/lib/python3.7/site-packages/xgboost/sklearn.py:888: UserWarning: The use of label encoder in XGBClassifier is deprecated and will be removed in a future release. To remove this warning, do the following: 1) Pass option use_label_encoder=False when constructing XGBClassifier object; and 2) Encode your labels (y) as integers starting with 0, i.e. 0, 1, 2, ..., [num_class - 1].
  warnings.warn(label_encoder_deprecation_msg, UserWarning)
[32m[I 2021-01-19 23:19:19,429][0m Trial 46 finished with value: 0.6264205419622577 and parameters: {'eval_metric': 'logloss', 'tree_method': 'gpu_hist', 'n_estimators': 42, 'max_depth': 10, 'learning_rate': 0.05052740950611454, 'subsample': 0.7955995702849131}. Best is trial 41 with value: 0.6321550885339707.[0m
/root/anaconda3/envs/python377/lib/python3.7/site-packages/xgboost/sklearn.py:888: UserWarning: The use of label encoder in XGBClassifier is deprecated and will be removed in a future release. To remove this warning, do the following: 1) Pass option use_label_encoder=False when constructing XGBClassifier object; and 2) Encode your labels (y) as integers starting with 0, i.e. 0, 1, 2, ..., [num_class - 1].
  warnings.warn(label_encoder_deprecation_msg, UserWarning)
[32m[I 2021-01-19 23:19:32,742][0m Trial 47 finished with value: 0.623265712040825 and parameters: {'eval_metric': 'logloss', 'tree_method': 'gpu_hist', 'n_estimators': 60, 'max_depth': 8, 'learning_rate': 0.055254738189940124, 'subsample': 0.853552054676311}. Best is trial 41 with value: 0.6321550885339707.[0m
/root/anaconda3/envs/python377/lib/python3.7/site-packages/xgboost/sklearn.py:888: UserWarning: The use of label encoder in XGBClassifier is deprecated and will be removed in a future release. To remove this warning, do the following: 1) Pass option use_label_encoder=False when constructing XGBClassifier object; and 2) Encode your labels (y) as integers starting with 0, i.e. 0, 1, 2, ..., [num_class - 1].
  warnings.warn(label_encoder_deprecation_msg, UserWarning)
[32m[I 2021-01-19 23:20:08,747][0m Trial 48 finished with value: 0.6359723113694958 and parameters: {'eval_metric': 'logloss', 'tree_method': 'gpu_hist', 'n_estimators': 54, 'max_depth': 12, 'learning_rate': 0.08596872504303572, 'subsample': 0.8216953053444613}. Best is trial 48 with value: 0.6359723113694958.[0m
/root/anaconda3/envs/python377/lib/python3.7/site-packages/xgboost/sklearn.py:888: UserWarning: The use of label encoder in XGBClassifier is deprecated and will be removed in a future release. To remove this warning, do the following: 1) Pass option use_label_encoder=False when constructing XGBClassifier object; and 2) Encode your labels (y) as integers starting with 0, i.e. 0, 1, 2, ..., [num_class - 1].
  warnings.warn(label_encoder_deprecation_msg, UserWarning)
[32m[I 2021-01-19 23:20:28,904][0m Trial 49 finished with value: 0.6322771156765149 and parameters: {'eval_metric': 'logloss', 'tree_method': 'gpu_hist', 'n_estimators': 37, 'max_depth': 11, 'learning_rate': 0.08731851147381531, 'subsample': 0.8866637279450713}. Best is trial 48 with value: 0.6359723113694958.[0m
/root/anaconda3/envs/python377/lib/python3.7/site-packages/xgboost/sklearn.py:888: UserWarning: The use of label encoder in XGBClassifier is deprecated and will be removed in a future release. To remove this warning, do the following: 1) Pass option use_label_encoder=False when constructing XGBClassifier object; and 2) Encode your labels (y) as integers starting with 0, i.e. 0, 1, 2, ..., [num_class - 1].
  warnings.warn(label_encoder_deprecation_msg, UserWarning)
[32m[I 2021-01-19 23:20:54,891][0m Trial 50 finished with value: 0.6289130777056624 and parameters: {'eval_metric': 'logloss', 'tree_method': 'gpu_hist', 'n_estimators': 36, 'max_depth': 12, 'learning_rate': 0.10731189616149624, 'subsample': 0.8187994539689403}. Best is trial 48 with value: 0.6359723113694958.[0m
/root/anaconda3/envs/python377/lib/python3.7/site-packages/xgboost/sklearn.py:888: UserWarning: The use of label encoder in XGBClassifier is deprecated and will be removed in a future release. To remove this warning, do the following: 1) Pass option use_label_encoder=False when constructing XGBClassifier object; and 2) Encode your labels (y) as integers starting with 0, i.e. 0, 1, 2, ..., [num_class - 1].
  warnings.warn(label_encoder_deprecation_msg, UserWarning)
[32m[I 2021-01-19 23:21:20,839][0m Trial 51 finished with value: 0.6316844395380216 and parameters: {'eval_metric': 'logloss', 'tree_method': 'gpu_hist', 'n_estimators': 53, 'max_depth': 11, 'learning_rate': 0.07433035025453522, 'subsample': 0.8758367618928282}. Best is trial 48 with value: 0.6359723113694958.[0m
/root/anaconda3/envs/python377/lib/python3.7/site-packages/xgboost/sklearn.py:888: UserWarning: The use of label encoder in XGBClassifier is deprecated and will be removed in a future release. To remove this warning, do the following: 1) Pass option use_label_encoder=False when constructing XGBClassifier object; and 2) Encode your labels (y) as integers starting with 0, i.e. 0, 1, 2, ..., [num_class - 1].
  warnings.warn(label_encoder_deprecation_msg, UserWarning)
[32m[I 2021-01-19 23:21:45,345][0m Trial 52 finished with value: 0.6348044125906711 and parameters: {'eval_metric': 'logloss', 'tree_method': 'gpu_hist', 'n_estimators': 46, 'max_depth': 11, 'learning_rate': 0.10452013523117648, 'subsample': 0.8869217036139888}. Best is trial 48 with value: 0.6359723113694958.[0m
/root/anaconda3/envs/python377/lib/python3.7/site-packages/xgboost/sklearn.py:888: UserWarning: The use of label encoder in XGBClassifier is deprecated and will be removed in a future release. To remove this warning, do the following: 1) Pass option use_label_encoder=False when constructing XGBClassifier object; and 2) Encode your labels (y) as integers starting with 0, i.e. 0, 1, 2, ..., [num_class - 1].
  warnings.warn(label_encoder_deprecation_msg, UserWarning)
[32m[I 2021-01-19 23:21:56,474][0m Trial 53 finished with value: 0.6282507880846836 and parameters: {'eval_metric': 'logloss', 'tree_method': 'gpu_hist', 'n_estimators': 31, 'max_depth': 9, 'learning_rate': 0.10417623437442992, 'subsample': 0.9555718210818198}. Best is trial 48 with value: 0.6359723113694958.[0m
/root/anaconda3/envs/python377/lib/python3.7/site-packages/xgboost/sklearn.py:888: UserWarning: The use of label encoder in XGBClassifier is deprecated and will be removed in a future release. To remove this warning, do the following: 1) Pass option use_label_encoder=False when constructing XGBClassifier object; and 2) Encode your labels (y) as integers starting with 0, i.e. 0, 1, 2, ..., [num_class - 1].
  warnings.warn(label_encoder_deprecation_msg, UserWarning)
[32m[I 2021-01-19 23:22:20,282][0m Trial 54 finished with value: 0.6333577545596125 and parameters: {'eval_metric': 'logloss', 'tree_method': 'gpu_hist', 'n_estimators': 45, 'max_depth': 11, 'learning_rate': 0.0778102852057572, 'subsample': 0.8807683764636018}. Best is trial 48 with value: 0.6359723113694958.[0m
/root/anaconda3/envs/python377/lib/python3.7/site-packages/xgboost/sklearn.py:888: UserWarning: The use of label encoder in XGBClassifier is deprecated and will be removed in a future release. To remove this warning, do the following: 1) Pass option use_label_encoder=False when constructing XGBClassifier object; and 2) Encode your labels (y) as integers starting with 0, i.e. 0, 1, 2, ..., [num_class - 1].
  warnings.warn(label_encoder_deprecation_msg, UserWarning)
[32m[I 2021-01-19 23:22:35,163][0m Trial 55 finished with value: 0.6284076462727326 and parameters: {'eval_metric': 'logloss', 'tree_method': 'gpu_hist', 'n_estimators': 39, 'max_depth': 10, 'learning_rate': 0.0772526977491267, 'subsample': 0.8829996459090486}. Best is trial 48 with value: 0.6359723113694958.[0m
/root/anaconda3/envs/python377/lib/python3.7/site-packages/xgboost/sklearn.py:888: UserWarning: The use of label encoder in XGBClassifier is deprecated and will be removed in a future release. To remove this warning, do the following: 1) Pass option use_label_encoder=False when constructing XGBClassifier object; and 2) Encode your labels (y) as integers starting with 0, i.e. 0, 1, 2, ..., [num_class - 1].
  warnings.warn(label_encoder_deprecation_msg, UserWarning)
[32m[I 2021-01-19 23:22:59,366][0m Trial 56 finished with value: 0.6336541176926292 and parameters: {'eval_metric': 'logloss', 'tree_method': 'gpu_hist', 'n_estimators': 45, 'max_depth': 11, 'learning_rate': 0.15202359125749265, 'subsample': 0.8827513025292238}. Best is trial 48 with value: 0.6359723113694958.[0m
/root/anaconda3/envs/python377/lib/python3.7/site-packages/xgboost/sklearn.py:888: UserWarning: The use of label encoder in XGBClassifier is deprecated and will be removed in a future release. To remove this warning, do the following: 1) Pass option use_label_encoder=False when constructing XGBClassifier object; and 2) Encode your labels (y) as integers starting with 0, i.e. 0, 1, 2, ..., [num_class - 1].
  warnings.warn(label_encoder_deprecation_msg, UserWarning)
[32m[I 2021-01-19 23:23:18,666][0m Trial 57 finished with value: 0.634508181612079 and parameters: {'eval_metric': 'logloss', 'tree_method': 'gpu_hist', 'n_estimators': 45, 'max_depth': 10, 'learning_rate': 0.1686663444058447, 'subsample': 0.932499589278995}. Best is trial 48 with value: 0.6359723113694958.[0m
/root/anaconda3/envs/python377/lib/python3.7/site-packages/xgboost/sklearn.py:888: UserWarning: The use of label encoder in XGBClassifier is deprecated and will be removed in a future release. To remove this warning, do the following: 1) Pass option use_label_encoder=False when constructing XGBClassifier object; and 2) Encode your labels (y) as integers starting with 0, i.e. 0, 1, 2, ..., [num_class - 1].
  warnings.warn(label_encoder_deprecation_msg, UserWarning)
[32m[I 2021-01-19 23:23:31,285][0m Trial 58 finished with value: 0.6300110652747919 and parameters: {'eval_metric': 'logloss', 'tree_method': 'gpu_hist', 'n_estimators': 32, 'max_depth': 9, 'learning_rate': 0.16349612066610877, 'subsample': 0.9498078424231076}. Best is trial 48 with value: 0.6359723113694958.[0m
/root/anaconda3/envs/python377/lib/python3.7/site-packages/xgboost/sklearn.py:888: UserWarning: The use of label encoder in XGBClassifier is deprecated and will be removed in a future release. To remove this warning, do the following: 1) Pass option use_label_encoder=False when constructing XGBClassifier object; and 2) Encode your labels (y) as integers starting with 0, i.e. 0, 1, 2, ..., [num_class - 1].
  warnings.warn(label_encoder_deprecation_msg, UserWarning)
[32m[I 2021-01-19 23:23:50,844][0m Trial 59 finished with value: 0.6269783278136076 and parameters: {'eval_metric': 'logloss', 'tree_method': 'gpu_hist', 'n_estimators': 46, 'max_depth': 10, 'learning_rate': 0.3256874586592167, 'subsample': 0.9171916746088804}. Best is trial 48 with value: 0.6359723113694958.[0m
/root/anaconda3/envs/python377/lib/python3.7/site-packages/xgboost/sklearn.py:888: UserWarning: The use of label encoder in XGBClassifier is deprecated and will be removed in a future release. To remove this warning, do the following: 1) Pass option use_label_encoder=False when constructing XGBClassifier object; and 2) Encode your labels (y) as integers starting with 0, i.e. 0, 1, 2, ..., [num_class - 1].
  warnings.warn(label_encoder_deprecation_msg, UserWarning)
[32m[I 2021-01-19 23:24:03,883][0m Trial 60 finished with value: 0.6290699936163338 and parameters: {'eval_metric': 'logloss', 'tree_method': 'gpu_hist', 'n_estimators': 39, 'max_depth': 9, 'learning_rate': 0.19563831950618907, 'subsample': 0.9018355123191015}. Best is trial 48 with value: 0.6359723113694958.[0m
/root/anaconda3/envs/python377/lib/python3.7/site-packages/xgboost/sklearn.py:888: UserWarning: The use of label encoder in XGBClassifier is deprecated and will be removed in a future release. To remove this warning, do the following: 1) Pass option use_label_encoder=False when constructing XGBClassifier object; and 2) Encode your labels (y) as integers starting with 0, i.e. 0, 1, 2, ..., [num_class - 1].
  warnings.warn(label_encoder_deprecation_msg, UserWarning)
[32m[I 2021-01-19 23:24:18,047][0m Trial 61 finished with value: 0.6284076310825688 and parameters: {'eval_metric': 'logloss', 'tree_method': 'gpu_hist', 'n_estimators': 24, 'max_depth': 11, 'learning_rate': 0.1493054639127124, 'subsample': 0.9741133255114793}. Best is trial 48 with value: 0.6359723113694958.[0m
/root/anaconda3/envs/python377/lib/python3.7/site-packages/xgboost/sklearn.py:888: UserWarning: The use of label encoder in XGBClassifier is deprecated and will be removed in a future release. To remove this warning, do the following: 1) Pass option use_label_encoder=False when constructing XGBClassifier object; and 2) Encode your labels (y) as integers starting with 0, i.e. 0, 1, 2, ..., [num_class - 1].
  warnings.warn(label_encoder_deprecation_msg, UserWarning)
[32m[I 2021-01-19 23:24:43,572][0m Trial 62 finished with value: 0.6293660985165667 and parameters: {'eval_metric': 'logloss', 'tree_method': 'gpu_hist', 'n_estimators': 43, 'max_depth': 11, 'learning_rate': 0.23634276313462013, 'subsample': 0.8321266613277074}. Best is trial 48 with value: 0.6359723113694958.[0m
/root/anaconda3/envs/python377/lib/python3.7/site-packages/xgboost/sklearn.py:888: UserWarning: The use of label encoder in XGBClassifier is deprecated and will be removed in a future release. To remove this warning, do the following: 1) Pass option use_label_encoder=False when constructing XGBClassifier object; and 2) Encode your labels (y) as integers starting with 0, i.e. 0, 1, 2, ..., [num_class - 1].
  warnings.warn(label_encoder_deprecation_msg, UserWarning)
[32m[I 2021-01-19 23:25:02,878][0m Trial 63 finished with value: 0.6345604160282051 and parameters: {'eval_metric': 'logloss', 'tree_method': 'gpu_hist', 'n_estimators': 49, 'max_depth': 10, 'learning_rate': 0.13682583922892372, 'subsample': 0.8600131455201371}. Best is trial 48 with value: 0.6359723113694958.[0m
/root/anaconda3/envs/python377/lib/python3.7/site-packages/xgboost/sklearn.py:888: UserWarning: The use of label encoder in XGBClassifier is deprecated and will be removed in a future release. To remove this warning, do the following: 1) Pass option use_label_encoder=False when constructing XGBClassifier object; and 2) Encode your labels (y) as integers starting with 0, i.e. 0, 1, 2, ..., [num_class - 1].
  warnings.warn(label_encoder_deprecation_msg, UserWarning)
[32m[I 2021-01-19 23:25:21,628][0m Trial 64 finished with value: 0.6310569885576294 and parameters: {'eval_metric': 'logloss', 'tree_method': 'gpu_hist', 'n_estimators': 46, 'max_depth': 10, 'learning_rate': 0.08969601039437482, 'subsample': 0.8631012728193878}. Best is trial 48 with value: 0.6359723113694958.[0m
/root/anaconda3/envs/python377/lib/python3.7/site-packages/xgboost/sklearn.py:888: UserWarning: The use of label encoder in XGBClassifier is deprecated and will be removed in a future release. To remove this warning, do the following: 1) Pass option use_label_encoder=False when constructing XGBClassifier object; and 2) Encode your labels (y) as integers starting with 0, i.e. 0, 1, 2, ..., [num_class - 1].
  warnings.warn(label_encoder_deprecation_msg, UserWarning)
[32m[I 2021-01-19 23:25:34,597][0m Trial 65 finished with value: 0.6291571259146852 and parameters: {'eval_metric': 'logloss', 'tree_method': 'gpu_hist', 'n_estimators': 49, 'max_depth': 8, 'learning_rate': 0.12504506127441872, 'subsample': 0.9292527891860038}. Best is trial 48 with value: 0.6359723113694958.[0m
/root/anaconda3/envs/python377/lib/python3.7/site-packages/xgboost/sklearn.py:888: UserWarning: The use of label encoder in XGBClassifier is deprecated and will be removed in a future release. To remove this warning, do the following: 1) Pass option use_label_encoder=False when constructing XGBClassifier object; and 2) Encode your labels (y) as integers starting with 0, i.e. 0, 1, 2, ..., [num_class - 1].
  warnings.warn(label_encoder_deprecation_msg, UserWarning)
[32m[I 2021-01-19 23:25:49,142][0m Trial 66 finished with value: 0.6289654154149023 and parameters: {'eval_metric': 'logloss', 'tree_method': 'gpu_hist', 'n_estimators': 35, 'max_depth': 10, 'learning_rate': 0.12828642025906803, 'subsample': 0.8908328206552044}. Best is trial 48 with value: 0.6359723113694958.[0m
/root/anaconda3/envs/python377/lib/python3.7/site-packages/xgboost/sklearn.py:888: UserWarning: The use of label encoder in XGBClassifier is deprecated and will be removed in a future release. To remove this warning, do the following: 1) Pass option use_label_encoder=False when constructing XGBClassifier object; and 2) Encode your labels (y) as integers starting with 0, i.e. 0, 1, 2, ..., [num_class - 1].
  warnings.warn(label_encoder_deprecation_msg, UserWarning)
[32m[I 2021-01-19 23:25:57,037][0m Trial 67 finished with value: 0.6154919452257885 and parameters: {'eval_metric': 'logloss', 'tree_method': 'gpu_hist', 'n_estimators': 39, 'max_depth': 7, 'learning_rate': 0.06111647741517038, 'subsample': 0.9990116091217286}. Best is trial 48 with value: 0.6359723113694958.[0m
/root/anaconda3/envs/python377/lib/python3.7/site-packages/xgboost/sklearn.py:888: UserWarning: The use of label encoder in XGBClassifier is deprecated and will be removed in a future release. To remove this warning, do the following: 1) Pass option use_label_encoder=False when constructing XGBClassifier object; and 2) Encode your labels (y) as integers starting with 0, i.e. 0, 1, 2, ..., [num_class - 1].
  warnings.warn(label_encoder_deprecation_msg, UserWarning)
[32m[I 2021-01-19 23:26:22,610][0m Trial 68 finished with value: 0.6296277019978482 and parameters: {'eval_metric': 'logloss', 'tree_method': 'gpu_hist', 'n_estimators': 44, 'max_depth': 11, 'learning_rate': 0.03280278012990532, 'subsample': 0.855013259010968}. Best is trial 48 with value: 0.6359723113694958.[0m
/root/anaconda3/envs/python377/lib/python3.7/site-packages/xgboost/sklearn.py:888: UserWarning: The use of label encoder in XGBClassifier is deprecated and will be removed in a future release. To remove this warning, do the following: 1) Pass option use_label_encoder=False when constructing XGBClassifier object; and 2) Encode your labels (y) as integers starting with 0, i.e. 0, 1, 2, ..., [num_class - 1].
  warnings.warn(label_encoder_deprecation_msg, UserWarning)
[32m[I 2021-01-19 23:26:43,119][0m Trial 69 finished with value: 0.6248692571212437 and parameters: {'eval_metric': 'logloss', 'tree_method': 'gpu_hist', 'n_estimators': 50, 'max_depth': 10, 'learning_rate': 0.3735470737126048, 'subsample': 0.9401733657463511}. Best is trial 48 with value: 0.6359723113694958.[0m
/root/anaconda3/envs/python377/lib/python3.7/site-packages/xgboost/sklearn.py:888: UserWarning: The use of label encoder in XGBClassifier is deprecated and will be removed in a future release. To remove this warning, do the following: 1) Pass option use_label_encoder=False when constructing XGBClassifier object; and 2) Encode your labels (y) as integers starting with 0, i.e. 0, 1, 2, ..., [num_class - 1].
  warnings.warn(label_encoder_deprecation_msg, UserWarning)
[32m[I 2021-01-19 23:26:53,417][0m Trial 70 finished with value: 0.6291396739355397 and parameters: {'eval_metric': 'logloss', 'tree_method': 'gpu_hist', 'n_estimators': 27, 'max_depth': 9, 'learning_rate': 0.24289003702796214, 'subsample': 0.9724805600231554}. Best is trial 48 with value: 0.6359723113694958.[0m
/root/anaconda3/envs/python377/lib/python3.7/site-packages/xgboost/sklearn.py:888: UserWarning: The use of label encoder in XGBClassifier is deprecated and will be removed in a future release. To remove this warning, do the following: 1) Pass option use_label_encoder=False when constructing XGBClassifier object; and 2) Encode your labels (y) as integers starting with 0, i.e. 0, 1, 2, ..., [num_class - 1].
  warnings.warn(label_encoder_deprecation_msg, UserWarning)
[32m[I 2021-01-19 23:27:19,634][0m Trial 71 finished with value: 0.6342815884202343 and parameters: {'eval_metric': 'logloss', 'tree_method': 'gpu_hist', 'n_estimators': 50, 'max_depth': 11, 'learning_rate': 0.0677414938665027, 'subsample': 0.9004708075375332}. Best is trial 48 with value: 0.6359723113694958.[0m
/root/anaconda3/envs/python377/lib/python3.7/site-packages/xgboost/sklearn.py:888: UserWarning: The use of label encoder in XGBClassifier is deprecated and will be removed in a future release. To remove this warning, do the following: 1) Pass option use_label_encoder=False when constructing XGBClassifier object; and 2) Encode your labels (y) as integers starting with 0, i.e. 0, 1, 2, ..., [num_class - 1].
  warnings.warn(label_encoder_deprecation_msg, UserWarning)
[32m[I 2021-01-19 23:27:43,244][0m Trial 72 finished with value: 0.6316496069735005 and parameters: {'eval_metric': 'logloss', 'tree_method': 'gpu_hist', 'n_estimators': 45, 'max_depth': 11, 'learning_rate': 0.06738793818830184, 'subsample': 0.8996889482278629}. Best is trial 48 with value: 0.6359723113694958.[0m
/root/anaconda3/envs/python377/lib/python3.7/site-packages/xgboost/sklearn.py:888: UserWarning: The use of label encoder in XGBClassifier is deprecated and will be removed in a future release. To remove this warning, do the following: 1) Pass option use_label_encoder=False when constructing XGBClassifier object; and 2) Encode your labels (y) as integers starting with 0, i.e. 0, 1, 2, ..., [num_class - 1].
  warnings.warn(label_encoder_deprecation_msg, UserWarning)
[32m[I 2021-01-19 23:28:10,165][0m Trial 73 finished with value: 0.6375236934275579 and parameters: {'eval_metric': 'logloss', 'tree_method': 'gpu_hist', 'n_estimators': 56, 'max_depth': 11, 'learning_rate': 0.08699380520427373, 'subsample': 0.8722723435900696}. Best is trial 73 with value: 0.6375236934275579.[0m
/root/anaconda3/envs/python377/lib/python3.7/site-packages/xgboost/sklearn.py:888: UserWarning: The use of label encoder in XGBClassifier is deprecated and will be removed in a future release. To remove this warning, do the following: 1) Pass option use_label_encoder=False when constructing XGBClassifier object; and 2) Encode your labels (y) as integers starting with 0, i.e. 0, 1, 2, ..., [num_class - 1].
  warnings.warn(label_encoder_deprecation_msg, UserWarning)
[32m[I 2021-01-19 23:28:42,762][0m Trial 74 finished with value: 0.6332531581299846 and parameters: {'eval_metric': 'logloss', 'tree_method': 'gpu_hist', 'n_estimators': 65, 'max_depth': 11, 'learning_rate': 0.03804272149098861, 'subsample': 0.843981473580747}. Best is trial 73 with value: 0.6375236934275579.[0m
/root/anaconda3/envs/python377/lib/python3.7/site-packages/xgboost/sklearn.py:888: UserWarning: The use of label encoder in XGBClassifier is deprecated and will be removed in a future release. To remove this warning, do the following: 1) Pass option use_label_encoder=False when constructing XGBClassifier object; and 2) Encode your labels (y) as integers starting with 0, i.e. 0, 1, 2, ..., [num_class - 1].
  warnings.warn(label_encoder_deprecation_msg, UserWarning)
[32m[I 2021-01-19 23:29:03,293][0m Trial 75 finished with value: 0.6362685620953009 and parameters: {'eval_metric': 'logloss', 'tree_method': 'gpu_hist', 'n_estimators': 56, 'max_depth': 10, 'learning_rate': 0.14368869810186935, 'subsample': 0.8698034188258374}. Best is trial 73 with value: 0.6375236934275579.[0m
/root/anaconda3/envs/python377/lib/python3.7/site-packages/xgboost/sklearn.py:888: UserWarning: The use of label encoder in XGBClassifier is deprecated and will be removed in a future release. To remove this warning, do the following: 1) Pass option use_label_encoder=False when constructing XGBClassifier object; and 2) Encode your labels (y) as integers starting with 0, i.e. 0, 1, 2, ..., [num_class - 1].
  warnings.warn(label_encoder_deprecation_msg, UserWarning)
[32m[I 2021-01-19 23:29:25,418][0m Trial 76 finished with value: 0.6325560556916974 and parameters: {'eval_metric': 'logloss', 'tree_method': 'gpu_hist', 'n_estimators': 57, 'max_depth': 10, 'learning_rate': 0.19708816465494314, 'subsample': 0.9163449039696056}. Best is trial 73 with value: 0.6375236934275579.[0m
/root/anaconda3/envs/python377/lib/python3.7/site-packages/xgboost/sklearn.py:888: UserWarning: The use of label encoder in XGBClassifier is deprecated and will be removed in a future release. To remove this warning, do the following: 1) Pass option use_label_encoder=False when constructing XGBClassifier object; and 2) Encode your labels (y) as integers starting with 0, i.e. 0, 1, 2, ..., [num_class - 1].
  warnings.warn(label_encoder_deprecation_msg, UserWarning)
[32m[I 2021-01-19 23:29:52,135][0m Trial 77 finished with value: 0.6358677422821626 and parameters: {'eval_metric': 'logloss', 'tree_method': 'gpu_hist', 'n_estimators': 69, 'max_depth': 10, 'learning_rate': 0.13780770960537675, 'subsample': 0.8161644113333311}. Best is trial 73 with value: 0.6375236934275579.[0m
/root/anaconda3/envs/python377/lib/python3.7/site-packages/xgboost/sklearn.py:888: UserWarning: The use of label encoder in XGBClassifier is deprecated and will be removed in a future release. To remove this warning, do the following: 1) Pass option use_label_encoder=False when constructing XGBClassifier object; and 2) Encode your labels (y) as integers starting with 0, i.e. 0, 1, 2, ..., [num_class - 1].
  warnings.warn(label_encoder_deprecation_msg, UserWarning)
[32m[I 2021-01-19 23:30:12,164][0m Trial 78 finished with value: 0.6379069929058137 and parameters: {'eval_metric': 'logloss', 'tree_method': 'gpu_hist', 'n_estimators': 77, 'max_depth': 9, 'learning_rate': 0.1226069364424716, 'subsample': 0.8171712087936144}. Best is trial 78 with value: 0.6379069929058137.[0m
/root/anaconda3/envs/python377/lib/python3.7/site-packages/xgboost/sklearn.py:888: UserWarning: The use of label encoder in XGBClassifier is deprecated and will be removed in a future release. To remove this warning, do the following: 1) Pass option use_label_encoder=False when constructing XGBClassifier object; and 2) Encode your labels (y) as integers starting with 0, i.e. 0, 1, 2, ..., [num_class - 1].
  warnings.warn(label_encoder_deprecation_msg, UserWarning)
[32m[I 2021-01-19 23:30:32,103][0m Trial 79 finished with value: 0.6367915001919657 and parameters: {'eval_metric': 'logloss', 'tree_method': 'gpu_hist', 'n_estimators': 77, 'max_depth': 9, 'learning_rate': 0.11827938221268651, 'subsample': 0.8227594905945126}. Best is trial 78 with value: 0.6379069929058137.[0m
/root/anaconda3/envs/python377/lib/python3.7/site-packages/xgboost/sklearn.py:888: UserWarning: The use of label encoder in XGBClassifier is deprecated and will be removed in a future release. To remove this warning, do the following: 1) Pass option use_label_encoder=False when constructing XGBClassifier object; and 2) Encode your labels (y) as integers starting with 0, i.e. 0, 1, 2, ..., [num_class - 1].
  warnings.warn(label_encoder_deprecation_msg, UserWarning)
[32m[I 2021-01-19 23:30:52,174][0m Trial 80 finished with value: 0.6383601170098314 and parameters: {'eval_metric': 'logloss', 'tree_method': 'gpu_hist', 'n_estimators': 76, 'max_depth': 9, 'learning_rate': 0.12475594455149287, 'subsample': 0.8301881163158291}. Best is trial 80 with value: 0.6383601170098314.[0m
/root/anaconda3/envs/python377/lib/python3.7/site-packages/xgboost/sklearn.py:888: UserWarning: The use of label encoder in XGBClassifier is deprecated and will be removed in a future release. To remove this warning, do the following: 1) Pass option use_label_encoder=False when constructing XGBClassifier object; and 2) Encode your labels (y) as integers starting with 0, i.e. 0, 1, 2, ..., [num_class - 1].
  warnings.warn(label_encoder_deprecation_msg, UserWarning)
[32m[I 2021-01-19 23:31:12,215][0m Trial 81 finished with value: 0.6374537700657316 and parameters: {'eval_metric': 'logloss', 'tree_method': 'gpu_hist', 'n_estimators': 78, 'max_depth': 9, 'learning_rate': 0.13191639375756536, 'subsample': 0.82815339209528}. Best is trial 80 with value: 0.6383601170098314.[0m
/root/anaconda3/envs/python377/lib/python3.7/site-packages/xgboost/sklearn.py:888: UserWarning: The use of label encoder in XGBClassifier is deprecated and will be removed in a future release. To remove this warning, do the following: 1) Pass option use_label_encoder=False when constructing XGBClassifier object; and 2) Encode your labels (y) as integers starting with 0, i.e. 0, 1, 2, ..., [num_class - 1].
  warnings.warn(label_encoder_deprecation_msg, UserWarning)
[32m[I 2021-01-19 23:31:32,074][0m Trial 82 finished with value: 0.6376804179421657 and parameters: {'eval_metric': 'logloss', 'tree_method': 'gpu_hist', 'n_estimators': 78, 'max_depth': 9, 'learning_rate': 0.09847609243252915, 'subsample': 0.8137774706513926}. Best is trial 80 with value: 0.6383601170098314.[0m
/root/anaconda3/envs/python377/lib/python3.7/site-packages/xgboost/sklearn.py:888: UserWarning: The use of label encoder in XGBClassifier is deprecated and will be removed in a future release. To remove this warning, do the following: 1) Pass option use_label_encoder=False when constructing XGBClassifier object; and 2) Encode your labels (y) as integers starting with 0, i.e. 0, 1, 2, ..., [num_class - 1].
  warnings.warn(label_encoder_deprecation_msg, UserWarning)
[32m[I 2021-01-19 23:31:46,322][0m Trial 83 finished with value: 0.6374189238300632 and parameters: {'eval_metric': 'logloss', 'tree_method': 'gpu_hist', 'n_estimators': 77, 'max_depth': 8, 'learning_rate': 0.0971522156733315, 'subsample': 0.817949714090178}. Best is trial 80 with value: 0.6383601170098314.[0m
/root/anaconda3/envs/python377/lib/python3.7/site-packages/xgboost/sklearn.py:888: UserWarning: The use of label encoder in XGBClassifier is deprecated and will be removed in a future release. To remove this warning, do the following: 1) Pass option use_label_encoder=False when constructing XGBClassifier object; and 2) Encode your labels (y) as integers starting with 0, i.e. 0, 1, 2, ..., [num_class - 1].
  warnings.warn(label_encoder_deprecation_msg, UserWarning)
[32m[I 2021-01-19 23:32:00,192][0m Trial 84 finished with value: 0.6341246937757925 and parameters: {'eval_metric': 'logloss', 'tree_method': 'gpu_hist', 'n_estimators': 77, 'max_depth': 8, 'learning_rate': 0.08777666852624866, 'subsample': 0.8274549497206394}. Best is trial 80 with value: 0.6383601170098314.[0m
/root/anaconda3/envs/python377/lib/python3.7/site-packages/xgboost/sklearn.py:888: UserWarning: The use of label encoder in XGBClassifier is deprecated and will be removed in a future release. To remove this warning, do the following: 1) Pass option use_label_encoder=False when constructing XGBClassifier object; and 2) Encode your labels (y) as integers starting with 0, i.e. 0, 1, 2, ..., [num_class - 1].
  warnings.warn(label_encoder_deprecation_msg, UserWarning)
[32m[I 2021-01-19 23:32:20,961][0m Trial 85 finished with value: 0.6378721664173581 and parameters: {'eval_metric': 'logloss', 'tree_method': 'gpu_hist', 'n_estimators': 79, 'max_depth': 9, 'learning_rate': 0.11912524989650758, 'subsample': 0.7785293189786444}. Best is trial 80 with value: 0.6383601170098314.[0m
/root/anaconda3/envs/python377/lib/python3.7/site-packages/xgboost/sklearn.py:888: UserWarning: The use of label encoder in XGBClassifier is deprecated and will be removed in a future release. To remove this warning, do the following: 1) Pass option use_label_encoder=False when constructing XGBClassifier object; and 2) Encode your labels (y) as integers starting with 0, i.e. 0, 1, 2, ..., [num_class - 1].
  warnings.warn(label_encoder_deprecation_msg, UserWarning)
[32m[I 2021-01-19 23:32:46,644][0m Trial 86 finished with value: 0.6304818054117236 and parameters: {'eval_metric': 'logloss', 'tree_method': 'gpu_hist', 'n_estimators': 87, 'max_depth': 9, 'learning_rate': 0.2234907316569144, 'subsample': 0.7755268218010513}. Best is trial 80 with value: 0.6383601170098314.[0m
/root/anaconda3/envs/python377/lib/python3.7/site-packages/xgboost/sklearn.py:888: UserWarning: The use of label encoder in XGBClassifier is deprecated and will be removed in a future release. To remove this warning, do the following: 1) Pass option use_label_encoder=False when constructing XGBClassifier object; and 2) Encode your labels (y) as integers starting with 0, i.e. 0, 1, 2, ..., [num_class - 1].
  warnings.warn(label_encoder_deprecation_msg, UserWarning)
[32m[I 2021-01-19 23:33:01,276][0m Trial 87 finished with value: 0.6341943892851623 and parameters: {'eval_metric': 'logloss', 'tree_method': 'gpu_hist', 'n_estimators': 78, 'max_depth': 8, 'learning_rate': 0.11644025377769279, 'subsample': 0.8055916404212264}. Best is trial 80 with value: 0.6383601170098314.[0m
/root/anaconda3/envs/python377/lib/python3.7/site-packages/xgboost/sklearn.py:888: UserWarning: The use of label encoder in XGBClassifier is deprecated and will be removed in a future release. To remove this warning, do the following: 1) Pass option use_label_encoder=False when constructing XGBClassifier object; and 2) Encode your labels (y) as integers starting with 0, i.e. 0, 1, 2, ..., [num_class - 1].
  warnings.warn(label_encoder_deprecation_msg, UserWarning)
[32m[I 2021-01-19 23:33:15,826][0m Trial 88 finished with value: 0.6287386536122399 and parameters: {'eval_metric': 'logloss', 'tree_method': 'gpu_hist', 'n_estimators': 74, 'max_depth': 8, 'learning_rate': 0.2822223215163785, 'subsample': 0.7849414388990931}. Best is trial 80 with value: 0.6383601170098314.[0m
/root/anaconda3/envs/python377/lib/python3.7/site-packages/xgboost/sklearn.py:888: UserWarning: The use of label encoder in XGBClassifier is deprecated and will be removed in a future release. To remove this warning, do the following: 1) Pass option use_label_encoder=False when constructing XGBClassifier object; and 2) Encode your labels (y) as integers starting with 0, i.e. 0, 1, 2, ..., [num_class - 1].
  warnings.warn(label_encoder_deprecation_msg, UserWarning)
[32m[I 2021-01-19 23:33:36,900][0m Trial 89 finished with value: 0.6379594004898068 and parameters: {'eval_metric': 'logloss', 'tree_method': 'gpu_hist', 'n_estimators': 85, 'max_depth': 9, 'learning_rate': 0.10082801037441833, 'subsample': 0.8366365483025618}. Best is trial 80 with value: 0.6383601170098314.[0m
/root/anaconda3/envs/python377/lib/python3.7/site-packages/xgboost/sklearn.py:888: UserWarning: The use of label encoder in XGBClassifier is deprecated and will be removed in a future release. To remove this warning, do the following: 1) Pass option use_label_encoder=False when constructing XGBClassifier object; and 2) Encode your labels (y) as integers starting with 0, i.e. 0, 1, 2, ..., [num_class - 1].
  warnings.warn(label_encoder_deprecation_msg, UserWarning)
[32m[I 2021-01-19 23:33:49,696][0m Trial 90 finished with value: 0.6325560374635009 and parameters: {'eval_metric': 'logloss', 'tree_method': 'gpu_hist', 'n_estimators': 85, 'max_depth': 7, 'learning_rate': 0.0992919521702386, 'subsample': 0.8390595764688267}. Best is trial 80 with value: 0.6383601170098314.[0m
/root/anaconda3/envs/python377/lib/python3.7/site-packages/xgboost/sklearn.py:888: UserWarning: The use of label encoder in XGBClassifier is deprecated and will be removed in a future release. To remove this warning, do the following: 1) Pass option use_label_encoder=False when constructing XGBClassifier object; and 2) Encode your labels (y) as integers starting with 0, i.e. 0, 1, 2, ..., [num_class - 1].
  warnings.warn(label_encoder_deprecation_msg, UserWarning)
[32m[I 2021-01-19 23:34:10,292][0m Trial 91 finished with value: 0.6351879171361376 and parameters: {'eval_metric': 'logloss', 'tree_method': 'gpu_hist', 'n_estimators': 80, 'max_depth': 9, 'learning_rate': 0.12556490783234034, 'subsample': 0.8103719869752204}. Best is trial 80 with value: 0.6383601170098314.[0m
/root/anaconda3/envs/python377/lib/python3.7/site-packages/xgboost/sklearn.py:888: UserWarning: The use of label encoder in XGBClassifier is deprecated and will be removed in a future release. To remove this warning, do the following: 1) Pass option use_label_encoder=False when constructing XGBClassifier object; and 2) Encode your labels (y) as integers starting with 0, i.e. 0, 1, 2, ..., [num_class - 1].
  warnings.warn(label_encoder_deprecation_msg, UserWarning)
[32m[I 2021-01-19 23:34:30,002][0m Trial 92 finished with value: 0.6361291179109878 and parameters: {'eval_metric': 'logloss', 'tree_method': 'gpu_hist', 'n_estimators': 72, 'max_depth': 9, 'learning_rate': 0.16506814668059303, 'subsample': 0.8426418309852045}. Best is trial 80 with value: 0.6383601170098314.[0m
/root/anaconda3/envs/python377/lib/python3.7/site-packages/xgboost/sklearn.py:888: UserWarning: The use of label encoder in XGBClassifier is deprecated and will be removed in a future release. To remove this warning, do the following: 1) Pass option use_label_encoder=False when constructing XGBClassifier object; and 2) Encode your labels (y) as integers starting with 0, i.e. 0, 1, 2, ..., [num_class - 1].
  warnings.warn(label_encoder_deprecation_msg, UserWarning)
[32m[I 2021-01-19 23:34:55,711][0m Trial 93 finished with value: 0.6384646739450337 and parameters: {'eval_metric': 'logloss', 'tree_method': 'gpu_hist', 'n_estimators': 95, 'max_depth': 9, 'learning_rate': 0.09940127855563875, 'subsample': 0.764784719001822}. Best is trial 93 with value: 0.6384646739450337.[0m
/root/anaconda3/envs/python377/lib/python3.7/site-packages/xgboost/sklearn.py:888: UserWarning: The use of label encoder in XGBClassifier is deprecated and will be removed in a future release. To remove this warning, do the following: 1) Pass option use_label_encoder=False when constructing XGBClassifier object; and 2) Encode your labels (y) as integers starting with 0, i.e. 0, 1, 2, ..., [num_class - 1].
  warnings.warn(label_encoder_deprecation_msg, UserWarning)
[32m[I 2021-01-19 23:35:14,816][0m Trial 94 finished with value: 0.6343337818229184 and parameters: {'eval_metric': 'logloss', 'tree_method': 'gpu_hist', 'n_estimators': 95, 'max_depth': 8, 'learning_rate': 0.09492825157881109, 'subsample': 0.7896125513315129}. Best is trial 93 with value: 0.6384646739450337.[0m
/root/anaconda3/envs/python377/lib/python3.7/site-packages/xgboost/sklearn.py:888: UserWarning: The use of label encoder in XGBClassifier is deprecated and will be removed in a future release. To remove this warning, do the following: 1) Pass option use_label_encoder=False when constructing XGBClassifier object; and 2) Encode your labels (y) as integers starting with 0, i.e. 0, 1, 2, ..., [num_class - 1].
  warnings.warn(label_encoder_deprecation_msg, UserWarning)
[32m[I 2021-01-19 23:35:40,791][0m Trial 95 finished with value: 0.6352924148297012 and parameters: {'eval_metric': 'logloss', 'tree_method': 'gpu_hist', 'n_estimators': 92, 'max_depth': 9, 'learning_rate': 0.18978473169809446, 'subsample': 0.7679229888840405}. Best is trial 93 with value: 0.6384646739450337.[0m
/root/anaconda3/envs/python377/lib/python3.7/site-packages/xgboost/sklearn.py:888: UserWarning: The use of label encoder in XGBClassifier is deprecated and will be removed in a future release. To remove this warning, do the following: 1) Pass option use_label_encoder=False when constructing XGBClassifier object; and 2) Encode your labels (y) as integers starting with 0, i.e. 0, 1, 2, ..., [num_class - 1].
  warnings.warn(label_encoder_deprecation_msg, UserWarning)
[32m[I 2021-01-19 23:36:00,938][0m Trial 96 finished with value: 0.6298716560278557 and parameters: {'eval_metric': 'logloss', 'tree_method': 'gpu_hist', 'n_estimators': 75, 'max_depth': 9, 'learning_rate': 0.11795338366420093, 'subsample': 0.5065273690944581}. Best is trial 93 with value: 0.6384646739450337.[0m
/root/anaconda3/envs/python377/lib/python3.7/site-packages/xgboost/sklearn.py:888: UserWarning: The use of label encoder in XGBClassifier is deprecated and will be removed in a future release. To remove this warning, do the following: 1) Pass option use_label_encoder=False when constructing XGBClassifier object; and 2) Encode your labels (y) as integers starting with 0, i.e. 0, 1, 2, ..., [num_class - 1].
  warnings.warn(label_encoder_deprecation_msg, UserWarning)
[32m[I 2021-01-19 23:36:21,169][0m Trial 97 finished with value: 0.6319110327298662 and parameters: {'eval_metric': 'logloss', 'tree_method': 'gpu_hist', 'n_estimators': 83, 'max_depth': 9, 'learning_rate': 0.05177789408944878, 'subsample': 0.8051387945769408}. Best is trial 93 with value: 0.6384646739450337.[0m
/root/anaconda3/envs/python377/lib/python3.7/site-packages/xgboost/sklearn.py:888: UserWarning: The use of label encoder in XGBClassifier is deprecated and will be removed in a future release. To remove this warning, do the following: 1) Pass option use_label_encoder=False when constructing XGBClassifier object; and 2) Encode your labels (y) as integers starting with 0, i.e. 0, 1, 2, ..., [num_class - 1].
  warnings.warn(label_encoder_deprecation_msg, UserWarning)
[32m[I 2021-01-19 23:36:35,243][0m Trial 98 finished with value: 0.6311615667590609 and parameters: {'eval_metric': 'logloss', 'tree_method': 'gpu_hist', 'n_estimators': 80, 'max_depth': 8, 'learning_rate': 0.06755062413390579, 'subsample': 0.7266035648368581}. Best is trial 93 with value: 0.6384646739450337.[0m
/root/anaconda3/envs/python377/lib/python3.7/site-packages/xgboost/sklearn.py:888: UserWarning: The use of label encoder in XGBClassifier is deprecated and will be removed in a future release. To remove this warning, do the following: 1) Pass option use_label_encoder=False when constructing XGBClassifier object; and 2) Encode your labels (y) as integers starting with 0, i.e. 0, 1, 2, ..., [num_class - 1].
  warnings.warn(label_encoder_deprecation_msg, UserWarning)
[32m[I 2021-01-19 23:36:46,368][0m Trial 99 finished with value: 0.6247298205320128 and parameters: {'eval_metric': 'logloss', 'tree_method': 'gpu_hist', 'n_estimators': 70, 'max_depth': 7, 'learning_rate': 0.060083014128890486, 'subsample': 0.7640174461581831}. Best is trial 93 with value: 0.6384646739450337.[0m
XGBoost
结果: {'eval_metric': 'logloss', 'tree_method': 'gpu_hist', 'n_estimators': 95, 'max_depth': 9, 'learning_rate': 0.09940127855563875, 'subsample': 0.764784719001822}
0.6384646739450337
FrozenTrial(number=93, values=[0.6384646739450337], datetime_start=datetime.datetime(2021, 1, 19, 23, 34, 30, 3245), datetime_complete=datetime.datetime(2021, 1, 19, 23, 34, 55, 710895), params={'eval_metric': 'logloss', 'tree_method': 'gpu_hist', 'n_estimators': 95, 'max_depth': 9, 'learning_rate': 0.09940127855563875, 'subsample': 0.764784719001822}, distributions={'eval_metric': CategoricalDistribution(choices=('logloss',)), 'tree_method': CategoricalDistribution(choices=('gpu_hist',)), 'n_estimators': IntUniformDistribution(high=100, low=1, step=1), 'max_depth': IntUniformDistribution(high=12, low=2, step=1), 'learning_rate': LogUniformDistribution(high=0.5, low=0.001), 'subsample': LogUniformDistribution(high=1.0, low=0.5)}, user_attrs={}, system_attrs={}, intermediate_values={}, trial_id=93, state=TrialState.COMPLETE, value=None)
